<?xml version="1.0" encoding="UTF-8"?>
<dataset>
    <tree id="2" lft="2" rgt="15" depth="1" name="Node 1"/>
    <multiple_roots_tree id="24" tree="23" lft="2" rgt="15" depth="1" name="Node 1"/>
</dataset>
