<?xml version="1.0" encoding="UTF-8"?>
<dataset>
    <tree id="16" lft="30" rgt="43" depth="1" name="Node 3"/>
    <multiple_roots_tree id="38" tree="23" lft="30" rgt="43" depth="1" name="Node 3"/>
</dataset>
