<?xml version="1.0" encoding="UTF-8"?>
<dataset>
    <tree id="10" lft="17" rgt="22" depth="2" name="Node 2.1"/>
    <multiple_roots_tree id="32" tree="23" lft="17" rgt="22" depth="2" name="Node 2.1"/>
</dataset>
